        -:    0:Source:dominion.c
        -:    0:Graph:dominion.gcno
        -:    0:Data:dominion.gcda
        -:    0:Runs:8
        -:    0:Programs:8
        -:    1:#include "dominion.h"
        -:    2:#include "dominion_helpers.h"
        -:    3:#include "rngs.h"
        -:    4:#include <stdio.h>
        -:    5:#include <math.h>
        -:    6:#include <stdlib.h>
        -:    7:
   270820:    8:int compare(const void* a, const void* b) {
   270820:    9:  if (*(int*)a > *(int*)b)
     4950:   10:    return 1;
   265870:   11:  if (*(int*)a < *(int*)b)
    74502:   12:    return -1;
   191368:   13:  return 0;
        -:   14:}
        -:   15:
    #####:   16:struct gameState* newGame() {
    #####:   17:  struct gameState* g = malloc(sizeof(struct gameState));
    #####:   18:  return g;
        -:   19:}
        -:   20:
    #####:   21:int* kingdomCards(int k1, int k2, int k3, int k4, int k5, int k6, int k7,
        -:   22:		  int k8, int k9, int k10) {
    #####:   23:  int* k = malloc(10 * sizeof(int));
    #####:   24:  k[0] = k1;
    #####:   25:  k[1] = k2;
    #####:   26:  k[2] = k3;
    #####:   27:  k[3] = k4;
    #####:   28:  k[4] = k5;
    #####:   29:  k[5] = k6;
    #####:   30:  k[6] = k7;
    #####:   31:  k[7] = k8;
    #####:   32:  k[8] = k9;
    #####:   33:  k[9] = k10;
    #####:   34:  return k;
        -:   35:}
        -:   36:
     8694:   37:int initializeGame(int numPlayers, int kingdomCards[10], int randomSeed,
        -:   38:		   struct gameState *state) {
        -:   39:
        -:   40:  int i;
        -:   41:  int j;
        -:   42:  int it;			
        -:   43:  //set up random number generator
     8694:   44:  SelectStream(1);
     8694:   45:  PutSeed((long)randomSeed);
        -:   46:  
        -:   47:  //check number of players
     8694:   48:  if (numPlayers > MAX_PLAYERS || numPlayers < 2)
        -:   49:    {
    #####:   50:      return -1;
        -:   51:    }
        -:   52:
        -:   53:  //set number of players
     8694:   54:  state->numPlayers = numPlayers;
        -:   55:
        -:   56:  //check selected kingdom cards are different
    95634:   57:  for (i = 0; i < 10; i++)
        -:   58:    {
   956340:   59:      for (j = 0; j < 10; j++)
        -:   60:        {
   869400:   61:	  if (j != i && kingdomCards[j] == kingdomCards[i])
        -:   62:	    {
    #####:   63:	      return -1;
        -:   64:	    }
        -:   65:        }
        -:   66:    }
        -:   67:
        -:   68:
        -:   69:  //initialize supply
        -:   70:  ///////////////////////////////
        -:   71:
        -:   72:  //set number of Curse cards
     8694:   73:  if (numPlayers == 2)
        -:   74:    {
     8694:   75:      state->supplyCount[curse] = 10;
        -:   76:    }
    #####:   77:  else if (numPlayers == 3)
        -:   78:    {
    #####:   79:      state->supplyCount[curse] = 20;
        -:   80:    }
        -:   81:  else
        -:   82:    {
    #####:   83:      state->supplyCount[curse] = 30;
        -:   84:    }
        -:   85:
        -:   86:  //set number of Victory cards
     8694:   87:  if (numPlayers == 2)
        -:   88:    {
     8694:   89:      state->supplyCount[estate] = 8;
     8694:   90:      state->supplyCount[duchy] = 8;
     8694:   91:      state->supplyCount[province] = 8;
        -:   92:    }
        -:   93:  else
        -:   94:    {
    #####:   95:      state->supplyCount[estate] = 12;
    #####:   96:      state->supplyCount[duchy] = 12;
    #####:   97:      state->supplyCount[province] = 12;
        -:   98:    }
        -:   99:
        -:  100:  //set number of Treasure cards
     8694:  101:  state->supplyCount[copper] = 60 - (7 * numPlayers);
     8694:  102:  state->supplyCount[silver] = 40;
     8694:  103:  state->supplyCount[gold] = 30;
        -:  104:
        -:  105:  //set number of Kingdom cards
   182574:  106:  for (i = adventurer; i <= treasure_map; i++)       	//loop all cards
        -:  107:    {
  1434510:  108:      for (j = 0; j < 10; j++)           		//loop chosen cards
        -:  109:	{
  1347570:  110:	  if (kingdomCards[j] == i)
        -:  111:	    {
        -:  112:	      //check if card is a 'Victory' Kingdom card
    86940:  113:	      if (kingdomCards[j] == great_hall || kingdomCards[j] == gardens)
        -:  114:		{
    34776:  115:		  if (numPlayers == 2){ 
    17388:  116:		    state->supplyCount[i] = 8; 
        -:  117:		  }
    #####:  118:		  else{ state->supplyCount[i] = 12; }
        -:  119:		}
        -:  120:	      else
        -:  121:		{
    69552:  122:		  state->supplyCount[i] = 10;
        -:  123:		}
    86940:  124:	      break;
        -:  125:	    }
        -:  126:	  else    //card is not in the set choosen for the game
        -:  127:	    {
  1260630:  128:	      state->supplyCount[i] = -1;
        -:  129:	    }
        -:  130:	}
        -:  131:
        -:  132:    }
        -:  133:
        -:  134:  ////////////////////////
        -:  135:  //supply intilization complete
        -:  136:
        -:  137:  //set player decks
    26082:  138:  for (i = 0; i < numPlayers; i++)
        -:  139:    {
    17388:  140:      state->deckCount[i] = 0;
    69552:  141:      for (j = 0; j < 3; j++)
        -:  142:	{
    52164:  143:	  state->deck[i][j] = estate;
    52164:  144:	  state->deckCount[i]++;
        -:  145:	}
   139104:  146:      for (j = 3; j < 10; j++)
        -:  147:	{
   121716:  148:	  state->deck[i][j] = copper;
   121716:  149:	  state->deckCount[i]++;		
        -:  150:	}
        -:  151:    }
        -:  152:
        -:  153:  //shuffle player decks
    26082:  154:  for (i = 0; i < numPlayers; i++)
        -:  155:    {
    17388:  156:      if ( shuffle(i, state) < 0 )
        -:  157:	{
    #####:  158:	  return -1;
        -:  159:	}
        -:  160:    }
        -:  161:
        -:  162:  //draw player hands
    26082:  163:  for (i = 0; i < numPlayers; i++)
        -:  164:    {  
        -:  165:      //initialize hand size to zero
    17388:  166:      state->handCount[i] = 0;
    17388:  167:      state->discardCount[i] = 0;
        -:  168:      //draw 5 cards
        -:  169:      // for (j = 0; j < 5; j++)
        -:  170:      //	{
        -:  171:      //	  drawCard(i, state);
        -:  172:      //	}
        -:  173:    }
        -:  174:  
        -:  175:  //set embargo tokens to 0 for all supply piles
   243432:  176:  for (i = 0; i <= treasure_map; i++)
        -:  177:    {
   234738:  178:      state->embargoTokens[i] = 0;
        -:  179:    }
        -:  180:
        -:  181:  //initialize first player's turn
     8694:  182:  state->outpostPlayed = 0;
     8694:  183:  state->phase = 0;
     8694:  184:  state->numActions = 1;
     8694:  185:  state->numBuys = 1;
     8694:  186:  state->playedCardCount = 0;
     8694:  187:  state->whoseTurn = 0;
     8694:  188:  state->handCount[state->whoseTurn] = 0;
        -:  189:  //int it; move to top
        -:  190:
        -:  191:  //Moved draw cards to here, only drawing at the start of a turn
    52164:  192:  for (it = 0; it < 5; it++){
    43470:  193:    drawCard(state->whoseTurn, state);
        -:  194:  }
        -:  195:
     8694:  196:  updateCoins(state->whoseTurn, state, 0);
        -:  197:
     8694:  198:  return 0;
        -:  199:}
        -:  200:
    18684:  201:int shuffle(int player, struct gameState *state) {
        -:  202: 
        -:  203:
        -:  204:  int newDeck[MAX_DECK];
    18684:  205:  int newDeckPos = 0;
        -:  206:  int card;
        -:  207:  int i;
        -:  208:
    18684:  209:  if (state->deckCount[player] < 1)
     1296:  210:    return -1;
    17388:  211:  qsort ((void*)(state->deck[player]), state->deckCount[player], sizeof(int), compare); 
        -:  212:  /* SORT CARDS IN DECK TO ENSURE DETERMINISM! */
        -:  213:
   208656:  214:  while (state->deckCount[player] > 0) {
   173880:  215:    card = floor(Random() * state->deckCount[player]);
   173880:  216:    newDeck[newDeckPos] = state->deck[player][card];
   173880:  217:    newDeckPos++;
   608580:  218:    for (i = card; i < state->deckCount[player]-1; i++) {
   434700:  219:      state->deck[player][i] = state->deck[player][i+1];
        -:  220:    }
   173880:  221:    state->deckCount[player]--;
        -:  222:  }
   191268:  223:  for (i = 0; i < newDeckPos; i++) {
   173880:  224:    state->deck[player][i] = newDeck[i];
   173880:  225:    state->deckCount[player]++;
        -:  226:  }
        -:  227:
    17388:  228:  return 0;
        -:  229:}
        -:  230:
    #####:  231:int playCard(int handPos, int choice1, int choice2, int choice3, struct gameState *state) 
        -:  232:{	
        -:  233:  int card;
    #####:  234:  int coin_bonus = 0; 		//tracks coins gain from actions
        -:  235:
        -:  236:  //check if it is the right phase
    #####:  237:  if (state->phase != 0)
        -:  238:    {
    #####:  239:      return -1;
        -:  240:    }
        -:  241:	
        -:  242:  //check if player has enough actions
    #####:  243:  if ( state->numActions < 1 )
        -:  244:    {
    #####:  245:      return -1;
        -:  246:    }
        -:  247:	
        -:  248:  //get card played
    #####:  249:  card = handCard(handPos, state);
        -:  250:	
        -:  251:  //check if selected card is an action
    #####:  252:  if ( card < adventurer || card > treasure_map )
        -:  253:    {
    #####:  254:      return -1;
        -:  255:    }
        -:  256:	
        -:  257:  //play card
    #####:  258:  if ( cardEffect(card, choice1, choice2, choice3, state, handPos, &coin_bonus) < 0 )
        -:  259:    {
    #####:  260:      return -1;
        -:  261:    }
        -:  262:	
        -:  263:  //reduce number of actions
    #####:  264:  state->numActions--;
        -:  265:
        -:  266:  //update coins (Treasure cards may be added with card draws)
    #####:  267:  updateCoins(state->whoseTurn, state, coin_bonus);
        -:  268:	
    #####:  269:  return 0;
        -:  270:}
        -:  271:
    #####:  272:int buyCard(int supplyPos, struct gameState *state) {
        -:  273:  int who;
        -:  274:  if (DEBUG){
        -:  275:    printf("Entering buyCard...\n");
        -:  276:  }
        -:  277:
        -:  278:  // I don't know what to do about the phase thing.
        -:  279:
    #####:  280:  who = state->whoseTurn;
        -:  281:
    #####:  282:  if (state->numBuys < 1){
        -:  283:    if (DEBUG)
        -:  284:      printf("You do not have any buys left\n");
    #####:  285:    return -1;
    #####:  286:  } else if (supplyCount(supplyPos, state) <1){
        -:  287:    if (DEBUG)
        -:  288:      printf("There are not any of that type of card left\n");
    #####:  289:    return -1;
    #####:  290:  } else if (state->coins < getCost(supplyPos)){
        -:  291:    if (DEBUG) 
        -:  292:      printf("You do not have enough money to buy that. You have %d coins.\n", state->coins);
    #####:  293:    return -1;
        -:  294:  } else {
    #####:  295:    state->phase=1;
        -:  296:    //state->supplyCount[supplyPos]--;
    #####:  297:    gainCard(supplyPos, state, 0, who); //card goes in discard, this might be wrong.. (2 means goes into hand, 0 goes into discard)
        -:  298:  
    #####:  299:    state->coins = (state->coins) - (getCost(supplyPos));
    #####:  300:    state->numBuys--;
        -:  301:    if (DEBUG)
        -:  302:      printf("You bought card number %d for %d coins. You now have %d buys and %d coins.\n", supplyPos, getCost(supplyPos), state->numBuys, state->coins);
        -:  303:  }
        -:  304:
        -:  305:  //state->discard[who][state->discardCount[who]] = supplyPos;
        -:  306:  //state->discardCount[who]++;
        -:  307:    
    #####:  308:  return 0;
        -:  309:}
        -:  310:
     1002:  311:int numHandCards(struct gameState *state) {
     1002:  312:  return state->handCount[ whoseTurn(state) ];
        -:  313:}
        -:  314:
    #####:  315:int handCard(int handPos, struct gameState *state) {
    #####:  316:  int currentPlayer = whoseTurn(state);
    #####:  317:  return state->hand[currentPlayer][handPos];
        -:  318:}
        -:  319:
    #####:  320:int supplyCount(int card, struct gameState *state) {
    #####:  321:  return state->supplyCount[card];
        -:  322:}
        -:  323:
     2662:  324:int fullDeckCount(int player, int card, struct gameState *state) {
        -:  325:  int i;
     2662:  326:  int count = 0;
        -:  327:
    15972:  328:  for (i = 0; i < state->deckCount[player]; i++)
        -:  329:    {
    13310:  330:      if (state->deck[player][i] == card) count++;
        -:  331:    }
        -:  332:
    15972:  333:  for (i = 0; i < state->handCount[player]; i++)
        -:  334:    {
    13310:  335:      if (state->hand[player][i] == card) count++;
        -:  336:    }
        -:  337:
    15972:  338:  for (i = 0; i < state->discardCount[player]; i++)
        -:  339:    {
    13310:  340:      if (state->discard[player][i] == card) count++;
        -:  341:    }
        -:  342:
     2662:  343:  return count;
        -:  344:}
        -:  345:
     5943:  346:int whoseTurn(struct gameState *state) {
     5943:  347:  return state->whoseTurn;
        -:  348:}
        -:  349:
    #####:  350:int endTurn(struct gameState *state) {
        -:  351:  int k;
        -:  352:  int i;
    #####:  353:  int currentPlayer = whoseTurn(state);
        -:  354:  
        -:  355:  //Discard hand
    #####:  356:  for (i = 0; i < state->handCount[currentPlayer]; i++){
    #####:  357:    state->discard[currentPlayer][state->discardCount[currentPlayer]++] = state->hand[currentPlayer][i];//Discard
    #####:  358:    state->hand[currentPlayer][i] = -1;//Set card to -1
        -:  359:  }
    #####:  360:  state->handCount[currentPlayer] = 0;//Reset hand count
        -:  361:    
        -:  362:  //Code for determining the player
    #####:  363:  if (currentPlayer < (state->numPlayers - 1)){ 
    #####:  364:    state->whoseTurn = currentPlayer + 1;//Still safe to increment
        -:  365:  }
        -:  366:  else{
    #####:  367:    state->whoseTurn = 0;//Max player has been reached, loop back around to player 1
        -:  368:  }
        -:  369:
    #####:  370:  state->outpostPlayed = 0;
    #####:  371:  state->phase = 0;
    #####:  372:  state->numActions = 1;
    #####:  373:  state->coins = 0;
    #####:  374:  state->numBuys = 1;
    #####:  375:  state->playedCardCount = 0;
    #####:  376:  state->handCount[state->whoseTurn] = 0;
        -:  377:
        -:  378:  //int k; move to top
        -:  379:  //Next player draws hand
    #####:  380:  for (k = 0; k < 5; k++){
    #####:  381:    drawCard(state->whoseTurn, state);//Draw a card
        -:  382:  }
        -:  383:
        -:  384:  //Update money
    #####:  385:  updateCoins(state->whoseTurn, state , 0);
        -:  386:
    #####:  387:  return 0;
        -:  388:}
        -:  389:
       90:  390:int isGameOver(struct gameState *state) {
        -:  391:  int i;
        -:  392:  int j;
        -:  393:	
        -:  394:  //if stack of Province cards is empty, the game ends
       90:  395:  if (state->supplyCount[province] == 0)
        -:  396:    {
       26:  397:      return 1;
        -:  398:    }
        -:  399:
        -:  400:  //if three supply pile are at 0, the game ends
       64:  401:  j = 0;
     1664:  402:  for (i = 0; i < 25; i++)
        -:  403:    {
     1600:  404:      if (state->supplyCount[i] == 0)
        -:  405:	{
       96:  406:	  j++;
        -:  407:	}
        -:  408:    }
       64:  409:  if ( j >= 3)
        -:  410:    {
       16:  411:      return 1;
        -:  412:    }
        -:  413:
       48:  414:  return 0;
        -:  415:}
        -:  416:
    #####:  417:int scoreFor (int player, struct gameState *state) {
        -:  418:
        -:  419:  int i;
    #####:  420:  int score = 0;
        -:  421:  //score from hand
    #####:  422:  for (i = 0; i < state->handCount[player]; i++)
        -:  423:    {
    #####:  424:      if (state->hand[player][i] == curse) { score = score - 1; };
    #####:  425:      if (state->hand[player][i] == estate) { score = score + 1; };
    #####:  426:      if (state->hand[player][i] == duchy) { score = score + 3; };
    #####:  427:      if (state->hand[player][i] == province) { score = score + 6; };
    #####:  428:      if (state->hand[player][i] == great_hall) { score = score + 1; };
    #####:  429:      if (state->hand[player][i] == gardens) { score = score + ( fullDeckCount(player, 0, state) / 10 ); };
        -:  430:    }
        -:  431:
        -:  432:  //score from discard
    #####:  433:  for (i = 0; i < state->discardCount[player]; i++)
        -:  434:    {
    #####:  435:      if (state->discard[player][i] == curse) { score = score - 1; };
    #####:  436:      if (state->discard[player][i] == estate) { score = score + 1; };
    #####:  437:      if (state->discard[player][i] == duchy) { score = score + 3; };
    #####:  438:      if (state->discard[player][i] == province) { score = score + 6; };
    #####:  439:      if (state->discard[player][i] == great_hall) { score = score + 1; };
    #####:  440:      if (state->discard[player][i] == gardens) { score = score + ( fullDeckCount(player, 0, state) / 10 ); };
        -:  441:    }
        -:  442:
        -:  443:  //score from deck
    #####:  444:  for (i = 0; i < state->discardCount[player]; i++)
        -:  445:    {
    #####:  446:      if (state->deck[player][i] == curse) { score = score - 1; };
    #####:  447:      if (state->deck[player][i] == estate) { score = score + 1; };
    #####:  448:      if (state->deck[player][i] == duchy) { score = score + 3; };
    #####:  449:      if (state->deck[player][i] == province) { score = score + 6; };
    #####:  450:      if (state->deck[player][i] == great_hall) { score = score + 1; };
    #####:  451:      if (state->deck[player][i] == gardens) { score = score + ( fullDeckCount(player, 0, state) / 10 ); };
        -:  452:    }
        -:  453:
    #####:  454:  return score;
        -:  455:}
        -:  456:
    #####:  457:int getWinners(int players[MAX_PLAYERS], struct gameState *state) {
        -:  458:  int i;	
        -:  459:  int j;
        -:  460:  int highScore;
        -:  461:  int currentPlayer;
        -:  462:
        -:  463:  //get score for each player
    #####:  464:  for (i = 0; i < MAX_PLAYERS; i++)
        -:  465:    {
        -:  466:      //set unused player scores to -9999
    #####:  467:      if (i >= state->numPlayers)
        -:  468:	{
    #####:  469:	  players[i] = -9999;
        -:  470:	}
        -:  471:      else
        -:  472:	{
    #####:  473:	  players[i] = scoreFor (i, state);
        -:  474:	}
        -:  475:    }
        -:  476:
        -:  477:  //find highest score
    #####:  478:  j = 0;
    #####:  479:  for (i = 0; i < MAX_PLAYERS; i++)
        -:  480:    {
    #####:  481:      if (players[i] > players[j])
        -:  482:	{
    #####:  483:	  j = i;
        -:  484:	}
        -:  485:    }
    #####:  486:  highScore = players[j];
        -:  487:
        -:  488:  //add 1 to players who had less turns
    #####:  489:  currentPlayer = whoseTurn(state);
    #####:  490:  for (i = 0; i < MAX_PLAYERS; i++)
        -:  491:    {
    #####:  492:      if ( players[i] == highScore && i > currentPlayer )
        -:  493:	{
    #####:  494:	  players[i]++;
        -:  495:	}
        -:  496:    }
        -:  497:
        -:  498:  //find new highest score
    #####:  499:  j = 0;
    #####:  500:  for (i = 0; i < MAX_PLAYERS; i++)
        -:  501:    {
    #####:  502:      if ( players[i] > players[j] )
        -:  503:	{
    #####:  504:	  j = i;
        -:  505:	}
        -:  506:    }
    #####:  507:  highScore = players[j];
        -:  508:
        -:  509:  //set winners in array to 1 and rest to 0
    #####:  510:  for (i = 0; i < MAX_PLAYERS; i++)
        -:  511:    {
    #####:  512:      if ( players[i] == highScore )
        -:  513:	{
    #####:  514:	  players[i] = 1;
        -:  515:	}
        -:  516:      else
        -:  517:	{
    #####:  518:	  players[i] = 0;
        -:  519:	}
        -:  520:    }
        -:  521:
    #####:  522:  return 0;
        -:  523:}
        -:  524:
    52965:  525:int drawCard(int player, struct gameState *state)
        -:  526:{	int count;
        -:  527:  int deckCounter;
    52965:  528:  if (state->deckCount[player] <= 0){//Deck is empty
        -:  529:    
        -:  530:    //Step 1 Shuffle the discard pile back into a deck
        -:  531:    int i;
        -:  532:    //Move discard to deck
     1296:  533:    for (i = 0; i < state->discardCount[player];i++){
    #####:  534:      state->deck[player][i] = state->discard[player][i];
    #####:  535:      state->discard[player][i] = -1;
        -:  536:    }
        -:  537:
     1296:  538:    state->deckCount[player] = state->discardCount[player];
     1296:  539:    state->discardCount[player] = 0;//Reset discard
        -:  540:
        -:  541:    //Shufffle the deck
     1296:  542:    shuffle(player, state);//Shuffle the deck up and make it so that we can draw
        -:  543:   
        -:  544:    if (DEBUG){//Debug statements
        -:  545:      printf("Deck count now: %d\n", state->deckCount[player]);
        -:  546:    }
        -:  547:    
     1296:  548:    state->discardCount[player] = 0;
        -:  549:
        -:  550:    //Step 2 Draw Card
     1296:  551:    count = state->handCount[player];//Get current player's hand count
        -:  552:    
        -:  553:    if (DEBUG){//Debug statements
        -:  554:      printf("Current hand count: %d\n", count);
        -:  555:    }
        -:  556:    
     1296:  557:    deckCounter = state->deckCount[player];//Create a holder for the deck count
        -:  558:
     1296:  559:    if (deckCounter == 0)
     1296:  560:      return -1;
        -:  561:
    #####:  562:    state->hand[player][count] = state->deck[player][deckCounter - 1];//Add card to hand
    #####:  563:    state->deckCount[player]--;
    #####:  564:    state->handCount[player]++;//Increment hand count
        -:  565:  }
        -:  566:
        -:  567:  else{
    51669:  568:    int count = state->handCount[player];//Get current hand count for player
        -:  569:    int deckCounter;
        -:  570:    if (DEBUG){//Debug statements
        -:  571:      printf("Current hand count: %d\n", count);
        -:  572:    }
        -:  573:
    51669:  574:    deckCounter = state->deckCount[player];//Create holder for the deck count
    51669:  575:    state->hand[player][count] = state->deck[player][deckCounter - 1];//Add card to the hand
    51669:  576:    state->deckCount[player]--;
    51669:  577:    state->handCount[player]++;//Increment hand count
        -:  578:  }
        -:  579:
    51669:  580:  return 0;
        -:  581:}
        -:  582:
    #####:  583:int getCost(int cardNumber)
        -:  584:{
    #####:  585:  switch( cardNumber ) 
        -:  586:    {
        -:  587:    case curse:
    #####:  588:      return 0;
        -:  589:    case estate:
    #####:  590:      return 2;
        -:  591:    case duchy:
    #####:  592:      return 5;
        -:  593:    case province:
    #####:  594:      return 8;
        -:  595:    case copper:
    #####:  596:      return 0;
        -:  597:    case silver:
    #####:  598:      return 3;
        -:  599:    case gold:
    #####:  600:      return 6;
        -:  601:    case adventurer:
    #####:  602:      return 6;
        -:  603:    case council_room:
    #####:  604:      return 5;
        -:  605:    case feast:
    #####:  606:      return 4;
        -:  607:    case gardens:
    #####:  608:      return 4;
        -:  609:    case mine:
    #####:  610:      return 5;
        -:  611:    case remodel:
    #####:  612:      return 4;
        -:  613:    case smithy:
    #####:  614:      return 4;
        -:  615:    case village:
    #####:  616:      return 3;
        -:  617:    case baron:
    #####:  618:      return 4;
        -:  619:    case great_hall:
    #####:  620:      return 3;
        -:  621:    case minion:
    #####:  622:      return 5;
        -:  623:    case steward:
    #####:  624:      return 3;
        -:  625:    case tribute:
    #####:  626:      return 5;
        -:  627:    case ambassador:
    #####:  628:      return 3;
        -:  629:    case cutpurse:
    #####:  630:      return 4;
        -:  631:    case embargo: 
    #####:  632:      return 2;
        -:  633:    case outpost:
    #####:  634:      return 5;
        -:  635:    case salvager:
    #####:  636:      return 4;
        -:  637:    case sea_hag:
    #####:  638:      return 4;
        -:  639:    case treasure_map:
    #####:  640:      return 4;
        -:  641:    }
        -:  642:	
    #####:  643:  return -1;
        -:  644:}
        -:  645:
     4941:  646:int cardEffect(int card, int choice1, int choice2, int choice3, struct gameState *state, int handPos, int *bonus)
        -:  647:{
        -:  648:  int i;
        -:  649:  int j;
        -:  650:  int k;
        -:  651:  int x;
        -:  652:  int index;
     4941:  653:  int currentPlayer = whoseTurn(state);
     4941:  654:  int nextPlayer = currentPlayer + 1;
        -:  655:
     4941:  656:  int tributeRevealedCards[2] = {-1, -1};
        -:  657:  int temphand[MAX_HAND];// moved above the if statement
     4941:  658:  int drawntreasure=0;
        -:  659:  int cardDrawn;
     4941:  660:  int z = 0;// this is the counter for the temp hand
     4941:  661:  if (nextPlayer > (state->numPlayers - 1)){
      501:  662:    nextPlayer = 0;
        -:  663:  }
        -:  664:  
        -:  665:	
        -:  666:  //uses switch to select card and perform actions
     4941:  667:  switch( card ) 
        -:  668:    {
        -:  669:    case adventurer:
        -:  670:	//printf("-->Starting adventurer Case!\n");
     1002:  671:	adventurer_card(currentPlayer, state, handPos, drawntreasure, cardDrawn, z, temphand);
        -:  672:	/*
        -:  673:      while(drawntreasure<2){
        -:  674:	if (state->deckCount[currentPlayer] <1){//if the deck is empty we need to shuffle discard and add to deck
        -:  675:	  shuffle(currentPlayer, state);
        -:  676:	}
        -:  677:	drawCard(currentPlayer, state);
        -:  678:	cardDrawn = state->hand[currentPlayer][state->handCount[currentPlayer]-1];//top card of hand is most recently drawn card.
        -:  679:	if (cardDrawn == copper || cardDrawn == silver || cardDrawn == gold)
        -:  680:	  drawntreasure++;
        -:  681:	else{
        -:  682:	  temphand[z]=cardDrawn;
        -:  683:	  state->handCount[currentPlayer]--; //this should just remove the top card (the most recently drawn one).
        -:  684:	  z++;
        -:  685:	}
        -:  686:      }
        -:  687:      while(z-1>=0){
        -:  688:	state->discard[currentPlayer][state->discardCount[currentPlayer]++]=temphand[z-1]; // discard all cards in play that have been drawn
        -:  689:	z=z-1;
        -:  690:      }
        -:  691:      return 0;
        -:  692:	*/		
        -:  693:	//printf("-->Ending adventurer Case!\n");
     1002:  694:	return 0;
        -:  695:   case council_room:
        -:  696:      //+4 Cards
    #####:  697:      for (i = 0; i < 4; i++)
        -:  698:	{
    #####:  699:	  drawCard(currentPlayer, state);
        -:  700:	}
        -:  701:			
        -:  702:      //+1 Buy
    #####:  703:      state->numBuys++;
        -:  704:			
        -:  705:      //Each other player draws a card
    #####:  706:      for (i = 0; i < state->numPlayers; i++)
        -:  707:	{
    #####:  708:	  if ( i != currentPlayer )
        -:  709:	    {
    #####:  710:	      drawCard(i, state);
        -:  711:	    }
        -:  712:	}
        -:  713:			
        -:  714:      //put played card in played card pile
    #####:  715:      discardCard(handPos, currentPlayer, state, 0);
        -:  716:			
    #####:  717:      return 0;
        -:  718:			
        -:  719:    case feast:
        -:  720:      //gain card with cost up to 5
        -:  721:      //Backup hand
    #####:  722:      for (i = 0; i <= state->handCount[currentPlayer]; i++){
    #####:  723:	temphand[i] = state->hand[currentPlayer][i];//Backup card
    #####:  724:	state->hand[currentPlayer][i] = -1;//Set to nothing
        -:  725:      }
        -:  726:      //Backup hand
        -:  727:
        -:  728:      //Update Coins for Buy
    #####:  729:      updateCoins(currentPlayer, state, 5);
    #####:  730:      x = 1;//Condition to loop on
    #####:  731:      while( x == 1) {//Buy one card
    #####:  732:	if (supplyCount(choice1, state) <= 0){
        -:  733:	  if (DEBUG)
        -:  734:	    printf("None of that card left, sorry!\n");
        -:  735:
        -:  736:	  if (DEBUG){
        -:  737:	    printf("Cards Left: %d\n", supplyCount(choice1, state));
        -:  738:	  }
        -:  739:	}
    #####:  740:	else if (state->coins < getCost(choice1)){
    #####:  741:	  printf("That card is too expensive!\n");
        -:  742:
        -:  743:	  if (DEBUG){
        -:  744:	    printf("Coins: %d < %d\n", state->coins, getCost(choice1));
        -:  745:	  }
        -:  746:	}
        -:  747:	else{
        -:  748:
        -:  749:	  if (DEBUG){
        -:  750:	    printf("Deck Count: %d\n", state->handCount[currentPlayer] + state->deckCount[currentPlayer] + state->discardCount[currentPlayer]);
        -:  751:	  }
        -:  752:
    #####:  753:	  gainCard(choice1, state, 0, currentPlayer);//Gain the card
    #####:  754:	  x = 0;//No more buying cards
        -:  755:
        -:  756:	  if (DEBUG){
        -:  757:	    printf("Deck Count: %d\n", state->handCount[currentPlayer] + state->deckCount[currentPlayer] + state->discardCount[currentPlayer]);
        -:  758:	  }
        -:  759:
        -:  760:	}
        -:  761:      }     
        -:  762:
        -:  763:      //Reset Hand
    #####:  764:      for (i = 0; i <= state->handCount[currentPlayer]; i++){
    #####:  765:	state->hand[currentPlayer][i] = temphand[i];
    #####:  766:	temphand[i] = -1;
        -:  767:      }
        -:  768:      //Reset Hand
        -:  769:      			
    #####:  770:      return 0;
        -:  771:			
        -:  772:    case gardens:
    #####:  773:      return -1;
        -:  774:			
        -:  775:    case mine:
    #####:  776:      j = state->hand[currentPlayer][choice1];  //store card we will trash
        -:  777:
    #####:  778:      if (state->hand[currentPlayer][choice1] < copper || state->hand[currentPlayer][choice1] > gold)
        -:  779:	{
    #####:  780:	  return -1;
        -:  781:	}
        -:  782:		
    #####:  783:      if (choice2 > treasure_map || choice2 < curse)
        -:  784:	{
    #####:  785:	  return -1;
        -:  786:	}
        -:  787:
    #####:  788:      if ( (getCost(state->hand[currentPlayer][choice1]) + 3) > getCost(choice2) )
        -:  789:	{
    #####:  790:	  return -1;
        -:  791:	}
        -:  792:
    #####:  793:      gainCard(choice2, state, 2, currentPlayer);
        -:  794:
        -:  795:      //discard card from hand
    #####:  796:      discardCard(handPos, currentPlayer, state, 0);
        -:  797:
        -:  798:      //discard trashed card
    #####:  799:      for (i = 0; i < state->handCount[currentPlayer]; i++)
        -:  800:	{
    #####:  801:	  if (state->hand[currentPlayer][i] == j)
        -:  802:	    {
    #####:  803:	      discardCard(i, currentPlayer, state, 0);			
    #####:  804:	      break;
        -:  805:	    }
        -:  806:	}
        -:  807:			
    #####:  808:      return 0;
        -:  809:			
        -:  810:    case remodel:
    #####:  811:      j = state->hand[currentPlayer][choice1];  //store card we will trash
        -:  812:
    #####:  813:      if ( (getCost(state->hand[currentPlayer][choice1]) + 2) > getCost(choice2) )
        -:  814:	{
    #####:  815:	  return -1;
        -:  816:	}
        -:  817:
    #####:  818:      gainCard(choice2, state, 0, currentPlayer);
        -:  819:
        -:  820:      //discard card from hand
    #####:  821:      discardCard(handPos, currentPlayer, state, 0);
        -:  822:
        -:  823:      //discard trashed card
    #####:  824:      for (i = 0; i < state->handCount[currentPlayer]; i++)
        -:  825:	{
    #####:  826:	  if (state->hand[currentPlayer][i] == j)
        -:  827:	    {
    #####:  828:	      discardCard(i, currentPlayer, state, 0);			
    #####:  829:	      break;
        -:  830:	    }
        -:  831:	}
        -:  832:
        -:  833:
    #####:  834:      return 0;
        -:  835:		
        -:  836:    case smithy:
        -:  837:	
        -:  838:	//printf("-->Starting Smithy Case!\n");
     1296:  839:	smithy_card(currentPlayer, state, handPos);
        -:  840:      //+3 Cards
        -:  841:      //for (i = 0; i < 3; i++)
        -:  842:	//{
        -:  843:	  //drawCard(currentPlayer, state);
        -:  844:	//}
        -:  845:			
        -:  846:      //discard card from hand
        -:  847:      //discardCard(handPos, currentPlayer, state, 0);
        -:  848:	//printf("-->Ending Smithy Case!\n");
     1296:  849:        return 0;
        -:  850:	
        -:  851:    case village:
        -:  852:	//printf("-->Starting Villager Case!\n");
    #####:  853:	village_card(currentPlayer, state, handPos);
        -:  854:      //+1 Card
        -:  855:      //drawCard(currentPlayer, state);
        -:  856:			
        -:  857:      //+2 Actions
        -:  858:      //state->numActions = state->numActions + 2;
        -:  859:			
        -:  860:      //discard played card from hand
        -:  861:      //discardCard(handPos, currentPlayer, state, 0);
        -:  862:	//printf("-->Ending Villager Case!\n");
    #####:  863:      return 0;
        -:  864:		
        -:  865:    case baron:
    #####:  866:      state->numBuys++;//Increase buys by 1!
    #####:  867:      if (choice1 > 0){//Boolean true or going to discard an estate
    #####:  868:	int p = 0;//Iterator for hand!
    #####:  869:	int card_not_discarded = 1;//Flag for discard set!
    #####:  870:	while(card_not_discarded){
    #####:  871:	  if (state->hand[currentPlayer][p] == estate){//Found an estate card!
    #####:  872:	    state->coins += 4;//Add 4 coins to the amount of coins
    #####:  873:	    state->discard[currentPlayer][state->discardCount[currentPlayer]] = state->hand[currentPlayer][p];
    #####:  874:	    state->discardCount[currentPlayer]++;
    #####:  875:	    for (;p < state->handCount[currentPlayer]; p++){
    #####:  876:	      state->hand[currentPlayer][p] = state->hand[currentPlayer][p+1];
        -:  877:	    }
    #####:  878:	    state->hand[currentPlayer][state->handCount[currentPlayer]] = -1;
    #####:  879:	    state->handCount[currentPlayer]--;
    #####:  880:	    card_not_discarded = 0;//Exit the loop
        -:  881:	  }
    #####:  882:	  else if (p > state->handCount[currentPlayer]){
        -:  883:	    if(DEBUG) {
        -:  884:	      printf("No estate cards in your hand, invalid choice\n");
        -:  885:	      printf("Must gain an estate if there are any\n");
        -:  886:	    }
    #####:  887:	    if (supplyCount(estate, state) > 0){
    #####:  888:	      gainCard(estate, state, 0, currentPlayer);
    #####:  889:	      state->supplyCount[estate]--;//Decrement estates
    #####:  890:	      if (supplyCount(estate, state) == 0){
    #####:  891:		isGameOver(state);
        -:  892:	      }
        -:  893:	    }
    #####:  894:	    card_not_discarded = 0;//Exit the loop
        -:  895:	  }
        -:  896:			    
        -:  897:	  else{
    #####:  898:	    p++;//Next card
        -:  899:	  }
        -:  900:	}
        -:  901:      }
        -:  902:			    
        -:  903:      else{
    #####:  904:	if (supplyCount(estate, state) > 0){
    #####:  905:	  gainCard(estate, state, 0, currentPlayer);//Gain an estate
    #####:  906:	  state->supplyCount[estate]--;//Decrement Estates
    #####:  907:	  if (supplyCount(estate, state) == 0){
    #####:  908:	    isGameOver(state);
        -:  909:	  }
        -:  910:	}
        -:  911:      }
        -:  912:	    
        -:  913:      
    #####:  914:      return 0;
        -:  915:		
        -:  916:    case great_hall:
        -:  917:
        -:  918:	//printf("-->Starting Great_Hall Case!\n");
     2601:  919:	great_hall_card(currentPlayer, state, handPos);
        -:  920:/*      //+1 Card
        -:  921:      drawCard(currentPlayer, state);
        -:  922:			
        -:  923:      //+1 Actions
        -:  924:      state->numActions++;
        -:  925:			
        -:  926:      //discard card from hand
        -:  927:      discardCard(handPos, currentPlayer, state, 0);
        -:  928:      return 0;
        -:  929:*/		
     2601:  930:	return 0;
        -:  931:	//printf("-->Ending Great_Hall Case!\n");
        -:  932:
        -:  933:    case minion:
        -:  934:      //+1 action
    #####:  935:      state->numActions++;
        -:  936:			
        -:  937:      //discard card from hand
    #####:  938:      discardCard(handPos, currentPlayer, state, 0);
        -:  939:			
    #####:  940:      if (choice1)		//+2 coins
        -:  941:	{
    #####:  942:	  state->coins = state->coins + 2;
        -:  943:	}
        -:  944:			
    #####:  945:      else if (choice2)		//discard hand, redraw 4, other players with 5+ cards discard hand and draw 4
        -:  946:	{
        -:  947:	  //discard hand
    #####:  948:	  while(numHandCards(state) > 0)
        -:  949:	    {
    #####:  950:	      discardCard(handPos, currentPlayer, state, 0);
        -:  951:	    }
        -:  952:				
        -:  953:	  //draw 4
    #####:  954:	  for (i = 0; i < 4; i++)
        -:  955:	    {
    #####:  956:	      drawCard(currentPlayer, state);
        -:  957:	    }
        -:  958:				
        -:  959:	  //other players discard hand and redraw if hand size > 4
    #####:  960:	  for (i = 0; i < state->numPlayers; i++)
        -:  961:	    {
    #####:  962:	      if (i != currentPlayer)
        -:  963:		{
    #####:  964:		  if ( state->handCount[i] > 4 )
        -:  965:		    {
        -:  966:		      //discard hand
    #####:  967:		      while( state->handCount[i] > 0 )
        -:  968:			{
    #####:  969:			  discardCard(handPos, i, state, 0);
        -:  970:			}
        -:  971:							
        -:  972:		      //draw 4
    #####:  973:		      for (j = 0; j < 4; j++)
        -:  974:			{
    #####:  975:			  drawCard(i, state);
        -:  976:			}
        -:  977:		    }
        -:  978:		}
        -:  979:	    }
        -:  980:				
        -:  981:	}
    #####:  982:      return 0;
        -:  983:		
        -:  984:    case steward:
        -:  985:	//printf("-->Starting Steward Case!\n");
    #####:  986:	steward_card(currentPlayer, state, handPos, choice1, choice2, choice3);
        -:  987:    /*  if (choice1 == 1)
        -:  988:	{
        -:  989:	  //+2 cards
        -:  990:	  drawCard(currentPlayer, state);
        -:  991:	  drawCard(currentPlayer, state);
        -:  992:	}
        -:  993:      else if (choice1 == 2)
        -:  994:	{
        -:  995:	  //+2 coins
        -:  996:	  state->coins = state->coins + 2;
        -:  997:	}
        -:  998:      else
        -:  999:	{
        -: 1000:	  //trash 2 cards in hand
        -: 1001:	  discardCard(choice2, currentPlayer, state, 1);
        -: 1002:	  discardCard(choice3, currentPlayer, state, 1);
        -: 1003:	}
        -: 1004:			
        -: 1005:      //discard card from hand
        -: 1006:      discardCard(handPos, currentPlayer, state, 0);
        -: 1007:      return 0;
        -: 1008:*/
        -: 1009:	//printf("-->Ending Steward Case!\n");
    #####: 1010:	return 0;		
        -: 1011:    case tribute:
    #####: 1012:      if ((state->discardCount[nextPlayer] + state->deckCount[nextPlayer]) <= 1){
    #####: 1013:	if (state->deckCount[nextPlayer] > 0){
    #####: 1014:	  tributeRevealedCards[0] = state->deck[nextPlayer][state->deckCount[nextPlayer]-1];
    #####: 1015:	  state->deckCount[nextPlayer]--;
        -: 1016:	}
    #####: 1017:	else if (state->discardCount[nextPlayer] > 0){
    #####: 1018:	  tributeRevealedCards[0] = state->discard[nextPlayer][state->discardCount[nextPlayer]-1];
    #####: 1019:	  state->discardCount[nextPlayer]--;
        -: 1020:	}
        -: 1021:	else{
        -: 1022:	  //No Card to Reveal
        -: 1023:	  if (DEBUG){
        -: 1024:	    printf("No cards to reveal\n");
        -: 1025:	  }
        -: 1026:	}
        -: 1027:      }
        -: 1028:	    
        -: 1029:      else{
    #####: 1030:	if (state->deckCount[nextPlayer] == 0){
    #####: 1031:	  for (i = 0; i < state->discardCount[nextPlayer]; i++){
    #####: 1032:	    state->deck[nextPlayer][i] = state->discard[nextPlayer][i];//Move to deck
    #####: 1033:	    state->deckCount[nextPlayer]++;
    #####: 1034:	    state->discard[nextPlayer][i] = -1;
    #####: 1035:	    state->discardCount[nextPlayer]--;
        -: 1036:	  }
        -: 1037:			    
    #####: 1038:	  shuffle(nextPlayer,state);//Shuffle the deck
        -: 1039:	} 
    #####: 1040:	tributeRevealedCards[0] = state->deck[nextPlayer][state->deckCount[nextPlayer]-1];
    #####: 1041:	state->deck[nextPlayer][state->deckCount[nextPlayer]--] = -1;
    #####: 1042:	state->deckCount[nextPlayer]--;
    #####: 1043:	tributeRevealedCards[1] = state->deck[nextPlayer][state->deckCount[nextPlayer]-1];
    #####: 1044:	state->deck[nextPlayer][state->deckCount[nextPlayer]--] = -1;
    #####: 1045:	state->deckCount[nextPlayer]--;
        -: 1046:      }    
        -: 1047:		       
    #####: 1048:      if (tributeRevealedCards[0] == tributeRevealedCards[1]){//If we have a duplicate card, just drop one 
    #####: 1049:	state->playedCards[state->playedCardCount] = tributeRevealedCards[1];
    #####: 1050:	state->playedCardCount++;
    #####: 1051:	tributeRevealedCards[1] = -1;
        -: 1052:      }
        -: 1053:
    #####: 1054:      for (i = 0; i <= 2; i ++){
    #####: 1055:	if (tributeRevealedCards[i] == copper || tributeRevealedCards[i] == silver || tributeRevealedCards[i] == gold){//Treasure cards
    #####: 1056:	  state->coins += 2;
        -: 1057:	}
        -: 1058:		    
    #####: 1059:	else if (tributeRevealedCards[i] == estate || tributeRevealedCards[i] == duchy || tributeRevealedCards[i] == province || tributeRevealedCards[i] == gardens || tributeRevealedCards[i] == great_hall){//Victory Card Found
    #####: 1060:	  drawCard(currentPlayer, state);
    #####: 1061:	  drawCard(currentPlayer, state);
        -: 1062:	}
        -: 1063:	else{//Action Card
    #####: 1064:	  state->numActions = state->numActions + 2;
        -: 1065:	}
        -: 1066:      }
        -: 1067:	    
    #####: 1068:      return 0;
        -: 1069:		
        -: 1070:    case ambassador:
    #####: 1071:      j = 0;		//used to check if player has enough cards to discard
        -: 1072:
    #####: 1073:      if (choice2 > 2 || choice2 < 0)
        -: 1074:	{
    #####: 1075:	  return -1;				
        -: 1076:	}
        -: 1077:
    #####: 1078:      if (choice1 == handPos)
        -: 1079:	{
    #####: 1080:	  return -1;
        -: 1081:	}
        -: 1082:
    #####: 1083:      for (i = 0; i < state->handCount[currentPlayer]; i++)
        -: 1084:	{
    #####: 1085:	  if (i != handPos && i == state->hand[currentPlayer][choice1] && i != choice1)
        -: 1086:	    {
    #####: 1087:	      j++;
        -: 1088:	    }
        -: 1089:	}
    #####: 1090:      if (j < choice2)
        -: 1091:	{
    #####: 1092:	  return -1;				
        -: 1093:	}
        -: 1094:
        -: 1095:      if (DEBUG) 
        -: 1096:	printf("Player %d reveals card number: %d\n", currentPlayer, state->hand[currentPlayer][choice1]);
        -: 1097:
        -: 1098:      //increase supply count for choosen card by amount being discarded
    #####: 1099:      state->supplyCount[state->hand[currentPlayer][choice1]] += choice2;
        -: 1100:			
        -: 1101:      //each other player gains a copy of revealed card
    #####: 1102:      for (i = 0; i < state->numPlayers; i++)
        -: 1103:	{
    #####: 1104:	  if (i != currentPlayer)
        -: 1105:	    {
    #####: 1106:	      gainCard(state->hand[currentPlayer][choice1], state, 0, i);
        -: 1107:	    }
        -: 1108:	}
        -: 1109:
        -: 1110:      //discard played card from hand
    #####: 1111:      discardCard(handPos, currentPlayer, state, 0);			
        -: 1112:
        -: 1113:      //trash copies of cards returned to supply
    #####: 1114:      for (j = 0; j < choice2; j++)
        -: 1115:	{
    #####: 1116:	  for (i = 0; i < state->handCount[currentPlayer]; i++)
        -: 1117:	    {
    #####: 1118:	      if (state->hand[currentPlayer][i] == state->hand[currentPlayer][choice1])
        -: 1119:		{
    #####: 1120:		  discardCard(i, currentPlayer, state, 1);
    #####: 1121:		  break;
        -: 1122:		}
        -: 1123:	    }
        -: 1124:	}			
        -: 1125:
    #####: 1126:      return 0;
        -: 1127:		
        -: 1128:    case cutpurse:
        -: 1129:
    #####: 1130:      updateCoins(currentPlayer, state, 2);
    #####: 1131:      for (i = 0; i < state->numPlayers; i++)
        -: 1132:	{
    #####: 1133:	  if (i != currentPlayer)
        -: 1134:	    {
    #####: 1135:	      for (j = 0; j < state->handCount[i]; j++)
        -: 1136:		{
    #####: 1137:		  if (state->hand[i][j] == copper)
        -: 1138:		    {
    #####: 1139:		      discardCard(j, i, state, 0);
    #####: 1140:		      break;
        -: 1141:		    }
    #####: 1142:		  if (j == state->handCount[i])
        -: 1143:		    {
    #####: 1144:		      for (k = 0; k < state->handCount[i]; k++)
        -: 1145:			{
        -: 1146:			  if (DEBUG)
        -: 1147:			    printf("Player %d reveals card number %d\n", i, state->hand[i][k]);
        -: 1148:			}	
    #####: 1149:		      break;
        -: 1150:		    }		
        -: 1151:		}
        -: 1152:					
        -: 1153:	    }
        -: 1154:				
        -: 1155:	}				
        -: 1156:
        -: 1157:      //discard played card from hand
    #####: 1158:      discardCard(handPos, currentPlayer, state, 0);			
        -: 1159:
    #####: 1160:      return 0;
        -: 1161:
        -: 1162:		
        -: 1163:    case embargo: 
        -: 1164:      //+2 Coins
    #####: 1165:      state->coins = state->coins + 2;
        -: 1166:			
        -: 1167:      //see if selected pile is in play
    #####: 1168:      if ( state->supplyCount[choice1] == -1 )
        -: 1169:	{
    #####: 1170:	  return -1;
        -: 1171:	}
        -: 1172:			
        -: 1173:      //add embargo token to selected supply pile
    #####: 1174:      state->embargoTokens[choice1]++;
        -: 1175:			
        -: 1176:      //trash card
    #####: 1177:      discardCard(handPos, currentPlayer, state, 1);		
    #####: 1178:      return 0;
        -: 1179:		
        -: 1180:    case outpost:
        -: 1181:      //set outpost flag
       42: 1182:      state->outpostPlayed++;
        -: 1183:			
        -: 1184:      //discard card
       42: 1185:      discardCard(handPos, currentPlayer, state, 0);
       42: 1186:      return 0;
        -: 1187:		
        -: 1188:    case salvager:
        -: 1189:      //+1 buy
    #####: 1190:      state->numBuys++;
        -: 1191:			
    #####: 1192:      if (choice1)
        -: 1193:	{
        -: 1194:	  //gain coins equal to trashed card
    #####: 1195:	  state->coins = state->coins + getCost( handCard(choice1, state) );
        -: 1196:	  //trash card
    #####: 1197:	  discardCard(choice1, currentPlayer, state, 1);	
        -: 1198:	}
        -: 1199:			
        -: 1200:      //discard card
    #####: 1201:      discardCard(handPos, currentPlayer, state, 0);
    #####: 1202:      return 0;
        -: 1203:		
        -: 1204:    case sea_hag:
    #####: 1205:      for (i = 0; i < state->numPlayers; i++){
    #####: 1206:	if (i != currentPlayer){
    #####: 1207:	  state->discard[i][state->discardCount[i]] = state->deck[i][state->deckCount[i]--];			    state->deckCount[i]--;
    #####: 1208:	  state->discardCount[i]++;
    #####: 1209:	  state->deck[i][state->deckCount[i]--] = curse;//Top card now a curse
        -: 1210:	}
        -: 1211:      }
    #####: 1212:      return 0;
        -: 1213:		
        -: 1214:    case treasure_map:
        -: 1215:      //search hand for another treasure_map
    #####: 1216:      index = -1;
    #####: 1217:      for (i = 0; i < state->handCount[currentPlayer]; i++)
        -: 1218:	{
    #####: 1219:	  if (state->hand[currentPlayer][i] == treasure_map && i != handPos)
        -: 1220:	    {
    #####: 1221:	      index = i;
    #####: 1222:	      break;
        -: 1223:	    }
        -: 1224:	}
    #####: 1225:      if (index > -1)
        -: 1226:	{
        -: 1227:	  //trash both treasure cards
    #####: 1228:	  discardCard(handPos, currentPlayer, state, 1);
    #####: 1229:	  discardCard(index, currentPlayer, state, 1);
        -: 1230:
        -: 1231:	  //gain 4 Gold cards
    #####: 1232:	  for (i = 0; i < 4; i++)
        -: 1233:	    {
    #####: 1234:	      gainCard(gold, state, 1, currentPlayer);
        -: 1235:	    }
        -: 1236:				
        -: 1237:	  //return success
    #####: 1238:	  return 1;
        -: 1239:	}
        -: 1240:			
        -: 1241:      //no second treasure_map found in hand
    #####: 1242:      return -1;
        -: 1243:    }
        -: 1244:	
    #####: 1245:  return -1;
        -: 1246:}
        -: 1247:
     3939: 1248:int discardCard(int handPos, int currentPlayer, struct gameState *state, int trashFlag)
        -: 1249:{
        -: 1250:	
        -: 1251:  //if card is not trashed, added to Played pile 
     3939: 1252:  if (trashFlag < 1)
        -: 1253:    {
        -: 1254:      //add card to played pile
     3939: 1255:      state->playedCards[state->playedCardCount] = state->hand[currentPlayer][handPos]; 
     3939: 1256:      state->playedCardCount++;
        -: 1257:    }
        -: 1258:	
        -: 1259:  //set played card to -1
     3939: 1260:  state->hand[currentPlayer][handPos] = -1;
        -: 1261:	
        -: 1262:  //remove card from player's hand
     3939: 1263:  if ( handPos == (state->handCount[currentPlayer] - 1) ) 	//last card in hand array is played
        -: 1264:    {
        -: 1265:      //reduce number of cards in hand
      125: 1266:      state->handCount[currentPlayer]--;
        -: 1267:    }
     3814: 1268:  else if ( state->handCount[currentPlayer] == 1 ) //only one card in hand
        -: 1269:    {
        -: 1270:      //reduce number of cards in hand
    #####: 1271:      state->handCount[currentPlayer]--;
        -: 1272:    }
        -: 1273:  else 	
        -: 1274:    {
        -: 1275:      //replace discarded card with last card in hand
     3814: 1276:      state->hand[currentPlayer][handPos] = state->hand[currentPlayer][ (state->handCount[currentPlayer] - 1)];
        -: 1277:      //set last card to -1
     3814: 1278:      state->hand[currentPlayer][state->handCount[currentPlayer] - 1] = -1;
        -: 1279:      //reduce number of cards in hand
     3814: 1280:      state->handCount[currentPlayer]--;
        -: 1281:    }
        -: 1282:	
     3939: 1283:  return 0;
        -: 1284:}
        -: 1285:
    #####: 1286:int gainCard(int supplyPos, struct gameState *state, int toFlag, int player)
        -: 1287:{
        -: 1288:  //Note: supplyPos is enum of choosen card
        -: 1289:	
        -: 1290:  //check if supply pile is empty (0) or card is not used in game (-1)
    #####: 1291:  if ( supplyCount(supplyPos, state) < 1 )
        -: 1292:    {
    #####: 1293:      return -1;
        -: 1294:    }
        -: 1295:	
        -: 1296:  //added card for [whoseTurn] current player:
        -: 1297:  // toFlag = 0 : add to discard
        -: 1298:  // toFlag = 1 : add to deck
        -: 1299:  // toFlag = 2 : add to hand
        -: 1300:
    #####: 1301:  if (toFlag == 1)
        -: 1302:    {
    #####: 1303:      state->deck[ player ][ state->deckCount[player] ] = supplyPos;
    #####: 1304:      state->deckCount[player]++;
        -: 1305:    }
    #####: 1306:  else if (toFlag == 2)
        -: 1307:    {
    #####: 1308:      state->hand[ player ][ state->handCount[player] ] = supplyPos;
    #####: 1309:      state->handCount[player]++;
        -: 1310:    }
        -: 1311:  else
        -: 1312:    {
    #####: 1313:      state->discard[player][ state->discardCount[player] ] = supplyPos;
    #####: 1314:      state->discardCount[player]++;
        -: 1315:    }
        -: 1316:	
        -: 1317:  //decrease number in supply pile
    #####: 1318:  state->supplyCount[supplyPos]--;
        -: 1319:	 
    #####: 1320:  return 0;
        -: 1321:}
        -: 1322:
     8694: 1323:int updateCoins(int player, struct gameState *state, int bonus)
        -: 1324:{
        -: 1325:  int i;
        -: 1326:	
        -: 1327:  //reset coin count
     8694: 1328:  state->coins = 0;
        -: 1329:
        -: 1330:  //add coins for each Treasure card in player's hand
    52164: 1331:  for (i = 0; i < state->handCount[player]; i++)
        -: 1332:    {
    43470: 1333:      if (state->hand[player][i] == copper)
        -: 1334:	{
    34776: 1335:	  state->coins += 1;
        -: 1336:	}
     8694: 1337:      else if (state->hand[player][i] == silver)
        -: 1338:	{
    #####: 1339:	  state->coins += 2;
        -: 1340:	}
     8694: 1341:      else if (state->hand[player][i] == gold)
        -: 1342:	{
    #####: 1343:	  state->coins += 3;
        -: 1344:	}	
        -: 1345:    }	
        -: 1346:
        -: 1347:  //add bonus
     8694: 1348:  state->coins += bonus;
        -: 1349:
     8694: 1350:  return 0;
        -: 1351:}
        -: 1352:
        -: 1353:
        -: 1354://end of dominion.c
        -: 1355:
        -: 1356:
        -: 1357://new Card functions
     1296: 1358:int smithy_card(int currentPlayer, struct gameState *state, int handPos){	
        -: 1359://	printf("---->Starting Smithy function!\n");
        -: 1360:      //+3 Cards
     1296: 1361:      int i = 0;
     5184: 1362:      for (i = 0; i < 3; i++)
        -: 1363:      {
     3888: 1364:        drawCard(currentPlayer, state);
        -: 1365:      }
        -: 1366:			
        -: 1367:      //discard card from hand
     1296: 1368:      discardCard(handPos, currentPlayer, state, 0);
        -: 1369://	printf("---->Ending Smithy function!\n");
     1296: 1370:      return 0;
        -: 1371:}
        -: 1372:
        -: 1373:
    #####: 1374:int village_card(int currentPlayer, struct gameState *state, int handPos){
        -: 1375://	printf("---->Starting Village function!\n");
        -: 1376:
        -: 1377:      //+1 Card
    #####: 1378:      drawCard(currentPlayer, state);
        -: 1379:			
        -: 1380:      //+2 Actions
    #####: 1381:      state->numActions = state->numActions + 2;
        -: 1382:			
        -: 1383:      //discard played card from hand
    #####: 1384:      discardCard(handPos, currentPlayer, state, 0);
        -: 1385://	printf("---->Ending Village function!\n");
    #####: 1386:      return 0;
        -: 1387:
        -: 1388:
        -: 1389:}
        -: 1390:
     1002: 1391:int adventurer_card(int currentPlayer, struct gameState *state, int handPos, int drawntreasure, int cardDrawn, int z, int temphand[]){
     5010: 1392:      while(drawntreasure<2){
        -: 1393://	printf("Deck size: %d\n",state->deckCount[0]);
     3006: 1394:	if (state->deckCount[currentPlayer] <1){//if the deck is empty we need to shuffle discard and add to deck
    #####: 1395:	  shuffle(currentPlayer, state);
        -: 1396:	}
     3006: 1397:	drawCard(currentPlayer, state);
     3006: 1398:	cardDrawn = state->hand[currentPlayer][state->handCount[currentPlayer]-1];//top card of hand is most recently drawn card.
     3006: 1399:	if (cardDrawn == copper || cardDrawn == silver || cardDrawn == gold)
     2004: 1400:	  drawntreasure++;
        -: 1401:	else{
     1002: 1402:	  temphand[z]=cardDrawn;
     1002: 1403:	  state->handCount[currentPlayer]--; //this should just remove the top card (the most recently drawn one).
     1002: 1404:	  z++;
        -: 1405:	}
        -: 1406:      }
     3006: 1407:      while(z-1>=0){
     1002: 1408:	state->discard[currentPlayer][state->discardCount[currentPlayer]++]=temphand[z-1]; // discard all cards in play that have been drawn
     1002: 1409:	z=z-1;
        -: 1410:      }
     1002: 1411:      return 0;
        -: 1412:}
        -: 1413:
     2601: 1414:int great_hall_card(int currentPlayer, struct gameState *state, int handPos){
        -: 1415:      //+1 Card
     2601: 1416:      drawCard(currentPlayer, state);
        -: 1417:			
        -: 1418:      //+1 Actions
     2601: 1419:      state->numActions++;
        -: 1420:			
        -: 1421:      //discard card from hand
     2601: 1422:      discardCard(handPos, currentPlayer, state, 0);
     2601: 1423:      return 0;
        -: 1424:}
        -: 1425:
    #####: 1426:int steward_card(int currentPlayer, struct gameState *state, int handPos, int choice1, int choice2, int choice3){
    #####: 1427:      if (choice1 == 1)
        -: 1428:	{
        -: 1429:	  //+2 cards
    #####: 1430:	  drawCard(currentPlayer, state);
        -: 1431:	
        -: 1432:
    #####: 1433:  drawCard(currentPlayer, state);
        -: 1434:	}
    #####: 1435:      else if (choice1 == 2)
        -: 1436:	{
        -: 1437:	  //+2 coins
    #####: 1438:	  state->coins = state->coins + 2;
        -: 1439:	}
        -: 1440:      else
        -: 1441:	{
        -: 1442:	  //trash 2 cards in hand
    #####: 1443:	  discardCard(choice2, currentPlayer, state, 1);
    #####: 1444:	  discardCard(choice3, currentPlayer, state, 1);
        -: 1445:	}
        -: 1446:			
        -: 1447:      //discard card from hand
    #####: 1448:      discardCard(handPos, currentPlayer, state, 0);
    #####: 1449:      return 0;
        -: 1450:}
